[INFO] Scanning for projects...
[INFO] 
[INFO] -------------------< com.eflipkartlite:auth-service >-------------------
[INFO] Building auth-service 1.0.0
[INFO]   from pom.xml
[INFO] --------------------------------[ jar ]---------------------------------
[INFO] 
[INFO] >>> spring-boot:3.4.2:run (default-cli) > test-compile @ auth-service >>>
[INFO] 
[INFO] --- resources:3.3.1:resources (default-resources) @ auth-service ---
[WARNING] Using platform encoding (UTF-8 actually) to copy filtered resources, i.e. build is platform dependent!
[INFO] Copying 1 resource from src\main\resources to target\classes
[INFO] 
[INFO] --- compiler:3.11.0:compile (default-compile) @ auth-service ---
[INFO] Nothing to compile - all classes are up to date
[INFO] 
[INFO] --- resources:3.3.1:testResources (default-testResources) @ auth-service ---
[WARNING] Using platform encoding (UTF-8 actually) to copy filtered resources, i.e. build is platform dependent!
[INFO] skip non existing resourceDirectory D:\Ecommerce_project\auth-service\src\test\resources
[INFO] 
[INFO] --- compiler:3.11.0:testCompile (default-testCompile) @ auth-service ---
[INFO] No sources to compile
[INFO] 
[INFO] <<< spring-boot:3.4.2:run (default-cli) < test-compile @ auth-service <<<
[INFO] 
[INFO] 
[INFO] --- spring-boot:3.4.2:run (default-cli) @ auth-service ---
[INFO] Attaching agents: []

  .   ____          _            __ _ _
 /\\ / ___'_ __ _ _(_)_ __  __ _ \ \ \ \
( ( )\___ | '_ | '_| | '_ \/ _` | \ \ \ \
 \\/  ___)| |_)| | | | | || (_| |  ) ) ) )
  '  |____| .__|_| |_|_| |_\__, | / / / /
 =========|_|==============|___/=/_/_/_/

 :: Spring Boot ::                (v3.4.2)

2026-02-24T22:54:39.376+05:30  INFO 12072 --- [auth-service] [           main] c.e.authservice.AuthServiceApplication   : Starting AuthServiceApplication using Java 20 with PID 12072 (D:\Ecommerce_project\auth-service\target\classes started by samba in D:\Ecommerce_project\auth-service)
2026-02-24T22:54:39.379+05:30  INFO 12072 --- [auth-service] [           main] c.e.authservice.AuthServiceApplication   : No active profile set, falling back to 1 default profile: "default"
2026-02-24T22:54:41.515+05:30  INFO 12072 --- [auth-service] [           main] .s.d.r.c.RepositoryConfigurationDelegate : Bootstrapping Spring Data JPA repositories in DEFAULT mode.
2026-02-24T22:54:41.657+05:30  INFO 12072 --- [auth-service] [           main] .s.d.r.c.RepositoryConfigurationDelegate : Finished Spring Data repository scanning in 114 ms. Found 2 JPA repository interfaces.
2026-02-24T22:54:51.215+05:30  INFO 12072 --- [auth-service] [           main] o.s.b.w.embedded.tomcat.TomcatWebServer  : Tomcat initialized with port 8081 (http)
2026-02-24T22:54:51.249+05:30  INFO 12072 --- [auth-service] [           main] o.apache.catalina.core.StandardService   : Starting service [Tomcat]
2026-02-24T22:54:51.249+05:30  INFO 12072 --- [auth-service] [           main] o.apache.catalina.core.StandardEngine    : Starting Servlet engine: [Apache Tomcat/10.1.34]
2026-02-24T22:54:51.408+05:30  INFO 12072 --- [auth-service] [           main] o.a.c.c.C.[Tomcat].[localhost].[/]       : Initializing Spring embedded WebApplicationContext
2026-02-24T22:54:51.413+05:30  INFO 12072 --- [auth-service] [           main] w.s.c.ServletWebServerApplicationContext : Root WebApplicationContext: initialization completed in 11909 ms
