[INFO] Scanning for projects...
[INFO] 
[INFO] -----------------< com.eflipkartlite:customer-service >-----------------
[INFO] Building customer-service 1.0.0
[INFO]   from pom.xml
[INFO] --------------------------------[ jar ]---------------------------------
[INFO] 
[INFO] >>> spring-boot:3.4.2:run (default-cli) > test-compile @ customer-service >>>
[INFO] 
[INFO] --- resources:3.3.1:resources (default-resources) @ customer-service ---
[WARNING] Using platform encoding (UTF-8 actually) to copy filtered resources, i.e. build is platform dependent!
[INFO] Copying 1 resource from src\main\resources to target\classes
[INFO] 
[INFO] --- compiler:3.11.0:compile (default-compile) @ customer-service ---
[INFO] Nothing to compile - all classes are up to date
[INFO] 
[INFO] --- resources:3.3.1:testResources (default-testResources) @ customer-service ---
[WARNING] Using platform encoding (UTF-8 actually) to copy filtered resources, i.e. build is platform dependent!
[INFO] skip non existing resourceDirectory D:\Ecommerce_project\customer-service\src\test\resources
[INFO] 
[INFO] --- compiler:3.11.0:testCompile (default-testCompile) @ customer-service ---
[INFO] No sources to compile
[INFO] 
[INFO] <<< spring-boot:3.4.2:run (default-cli) < test-compile @ customer-service <<<
[INFO] 
[INFO] 
[INFO] --- spring-boot:3.4.2:run (default-cli) @ customer-service ---
[INFO] Attaching agents: []

  .   ____          _            __ _ _
 /\\ / ___'_ __ _ _(_)_ __  __ _ \ \ \ \
( ( )\___ | '_ | '_| | '_ \/ _` | \ \ \ \
 \\/  ___)| |_)| | | | | || (_| |  ) ) ) )
  '  |____| .__|_| |_|_| |_\__, | / / / /
 =========|_|==============|___/=/_/_/_/

 :: Spring Boot ::                (v3.4.2)

2026-02-24T22:50:14.880+05:30  INFO 5948 --- [customer-service] [           main] c.e.c.CustomerServiceApplication         : Starting CustomerServiceApplication using Java 20 with PID 5948 (D:\Ecommerce_project\customer-service\target\classes started by samba in D:\Ecommerce_project\customer-service)
2026-02-24T22:50:14.886+05:30  INFO 5948 --- [customer-service] [           main] c.e.c.CustomerServiceApplication         : No active profile set, falling back to 1 default profile: "default"
